[0.363s] Invoking command in '/home/jeanbaptiste/ros2_ws/build/vacop': PYTHONPATH=/home/jeanbaptiste/ros2_ws/build/vacop/prefix_override:/usr/lib/python3/dist-packages/colcon_core/task/python/colcon_distutils_commands:/home/jeanbaptiste/ros2_ws/install/vacop/lib/python3.10/site-packages:${PYTHONPATH} /usr/bin/python3 -W ignore:setup.py install is deprecated -W ignore:easy_install command is deprecated setup.py develop --uninstall --editable --build-directory /home/jeanbaptiste/ros2_ws/build/vacop/build
[0.512s] running develop
[0.600s] Removing /home/jeanbaptiste/ros2_ws/install/vacop/lib/python3.10/site-packages/vacop.egg-link (link to .)
[0.615s] Invoked command in '/home/jeanbaptiste/ros2_ws/build/vacop' returned '0': PYTHONPATH=/home/jeanbaptiste/ros2_ws/build/vacop/prefix_override:/usr/lib/python3/dist-packages/colcon_core/task/python/colcon_distutils_commands:/home/jeanbaptiste/ros2_ws/install/vacop/lib/python3.10/site-packages:${PYTHONPATH} /usr/bin/python3 -W ignore:setup.py install is deprecated -W ignore:easy_install command is deprecated setup.py develop --uninstall --editable --build-directory /home/jeanbaptiste/ros2_ws/build/vacop/build
[0.616s] Invoking command in '/home/jeanbaptiste/ros2_ws/src/vacop': PYTHONPATH=/home/jeanbaptiste/ros2_ws/build/vacop/prefix_override:/usr/lib/python3/dist-packages/colcon_core/task/python/colcon_distutils_commands:/home/jeanbaptiste/ros2_ws/install/vacop/lib/python3.10/site-packages:${PYTHONPATH} /usr/bin/python3 -W ignore:setup.py install is deprecated -W ignore:easy_install command is deprecated setup.py egg_info --egg-base ../../build/vacop build --build-base /home/jeanbaptiste/ros2_ws/build/vacop/build install --record /home/jeanbaptiste/ros2_ws/build/vacop/install.log --single-version-externally-managed install_data --force
[0.756s] running egg_info
[0.757s] writing ../../build/vacop/vacop.egg-info/PKG-INFO
[0.757s] writing dependency_links to ../../build/vacop/vacop.egg-info/dependency_links.txt
[0.757s] writing entry points to ../../build/vacop/vacop.egg-info/entry_points.txt
[0.757s] writing requirements to ../../build/vacop/vacop.egg-info/requires.txt
[0.757s] writing top-level names to ../../build/vacop/vacop.egg-info/top_level.txt
[0.758s] reading manifest file '../../build/vacop/vacop.egg-info/SOURCES.txt'
[0.758s] writing manifest file '../../build/vacop/vacop.egg-info/SOURCES.txt'
[0.758s] running build
[0.758s] running build_py
[0.758s] creating /home/jeanbaptiste/ros2_ws/build/vacop/build
[0.758s] creating /home/jeanbaptiste/ros2_ws/build/vacop/build/lib
[0.758s] creating /home/jeanbaptiste/ros2_ws/build/vacop/build/lib/vacop
[0.758s] copying vacop/teleop_vacop.py -> /home/jeanbaptiste/ros2_ws/build/vacop/build/lib/vacop
[0.758s] copying vacop/camera_display.py -> /home/jeanbaptiste/ros2_ws/build/vacop/build/lib/vacop
[0.759s] copying vacop/__init__.py -> /home/jeanbaptiste/ros2_ws/build/vacop/build/lib/vacop
[0.759s] running install
[0.759s] running install_lib
[0.759s] creating /home/jeanbaptiste/ros2_ws/install/vacop/lib/python3.10/site-packages/vacop
[0.759s] copying /home/jeanbaptiste/ros2_ws/build/vacop/build/lib/vacop/teleop_vacop.py -> /home/jeanbaptiste/ros2_ws/install/vacop/lib/python3.10/site-packages/vacop
[0.759s] copying /home/jeanbaptiste/ros2_ws/build/vacop/build/lib/vacop/camera_display.py -> /home/jeanbaptiste/ros2_ws/install/vacop/lib/python3.10/site-packages/vacop
[0.759s] copying /home/jeanbaptiste/ros2_ws/build/vacop/build/lib/vacop/__init__.py -> /home/jeanbaptiste/ros2_ws/install/vacop/lib/python3.10/site-packages/vacop
[0.760s] byte-compiling /home/jeanbaptiste/ros2_ws/install/vacop/lib/python3.10/site-packages/vacop/teleop_vacop.py to teleop_vacop.cpython-310.pyc
[0.760s] byte-compiling /home/jeanbaptiste/ros2_ws/install/vacop/lib/python3.10/site-packages/vacop/camera_display.py to camera_display.cpython-310.pyc
[0.760s] byte-compiling /home/jeanbaptiste/ros2_ws/install/vacop/lib/python3.10/site-packages/vacop/__init__.py to __init__.cpython-310.pyc
[0.761s] running install_data
[0.761s] copying resource/vacop -> /home/jeanbaptiste/ros2_ws/install/vacop/share/ament_index/resource_index/packages
[0.761s] copying package.xml -> /home/jeanbaptiste/ros2_ws/install/vacop/share/vacop
[0.761s] copying launch/robot_launch.py -> /home/jeanbaptiste/ros2_ws/install/vacop/share/vacop/launch
[0.761s] copying launch/rtabmap_slam_launch.py -> /home/jeanbaptiste/ros2_ws/install/vacop/share/vacop/launch
[0.761s] copying resource/my_robot.urdf -> /home/jeanbaptiste/ros2_ws/install/vacop/share/vacop/resource
[0.761s] copying config/controllers.yaml -> /home/jeanbaptiste/ros2_ws/install/vacop/share/vacop/config
[0.761s] copying worlds/village.wbt -> /home/jeanbaptiste/ros2_ws/install/vacop/share/vacop/worlds
[0.761s] copying worlds/vacop_body.obj -> /home/jeanbaptiste/ros2_ws/install/vacop/share/vacop/worlds
[0.762s] running install_egg_info
[0.764s] Copying ../../build/vacop/vacop.egg-info to /home/jeanbaptiste/ros2_ws/install/vacop/lib/python3.10/site-packages/vacop-0.0.0-py3.10.egg-info
[0.833s] running install_scripts
[0.860s] Installing camera_view script to /home/jeanbaptiste/ros2_ws/install/vacop/lib/vacop
[0.860s] Installing teleop script to /home/jeanbaptiste/ros2_ws/install/vacop/lib/vacop
[0.860s] writing list of installed files to '/home/jeanbaptiste/ros2_ws/build/vacop/install.log'
[0.880s] Invoked command in '/home/jeanbaptiste/ros2_ws/src/vacop' returned '0': PYTHONPATH=/home/jeanbaptiste/ros2_ws/build/vacop/prefix_override:/usr/lib/python3/dist-packages/colcon_core/task/python/colcon_distutils_commands:/home/jeanbaptiste/ros2_ws/install/vacop/lib/python3.10/site-packages:${PYTHONPATH} /usr/bin/python3 -W ignore:setup.py install is deprecated -W ignore:easy_install command is deprecated setup.py egg_info --egg-base ../../build/vacop build --build-base /home/jeanbaptiste/ros2_ws/build/vacop/build install --record /home/jeanbaptiste/ros2_ws/build/vacop/install.log --single-version-externally-managed install_data --force
