[0.324s] Invoking command in '/home/jeanbaptiste/ros2_ws/build/vacop': PYTHONPATH=/home/jeanbaptiste/ros2_ws/build/vacop/prefix_override:/usr/lib/python3/dist-packages/colcon_core/task/python/colcon_distutils_commands:/home/jeanbaptiste/ros2_ws/install/vacop/lib/python3.10/site-packages:${PYTHONPATH} /usr/bin/python3 -W ignore:setup.py install is deprecated -W ignore:easy_install command is deprecated setup.py develop --editable --build-directory /home/jeanbaptiste/ros2_ws/build/vacop/build --no-deps symlink_data
[0.460s] running develop
[0.544s] running egg_info
[0.544s] creating vacop.egg-info
[0.544s] writing vacop.egg-info/PKG-INFO
[0.544s] writing dependency_links to vacop.egg-info/dependency_links.txt
[0.544s] writing entry points to vacop.egg-info/entry_points.txt
[0.544s] writing requirements to vacop.egg-info/requires.txt
[0.544s] writing top-level names to vacop.egg-info/top_level.txt
[0.544s] writing manifest file 'vacop.egg-info/SOURCES.txt'
[0.545s] reading manifest file 'vacop.egg-info/SOURCES.txt'
[0.545s] writing manifest file 'vacop.egg-info/SOURCES.txt'
[0.546s] running build_ext
[0.546s] Creating /home/jeanbaptiste/ros2_ws/install/vacop/lib/python3.10/site-packages/vacop.egg-link (link to .)
[0.547s] 
[0.547s] Installed /home/jeanbaptiste/ros2_ws/build/vacop
[0.547s] running symlink_data
[0.547s] creating /home/jeanbaptiste/ros2_ws/install/vacop/share/ament_index
[0.547s] creating /home/jeanbaptiste/ros2_ws/install/vacop/share/ament_index/resource_index
[0.547s] creating /home/jeanbaptiste/ros2_ws/install/vacop/share/ament_index/resource_index/packages
[0.547s] symbolically linking /home/jeanbaptiste/ros2_ws/build/vacop/resource/vacop -> /home/jeanbaptiste/ros2_ws/install/vacop/share/ament_index/resource_index/packages
[0.547s] symbolically linking /home/jeanbaptiste/ros2_ws/build/vacop/package.xml -> /home/jeanbaptiste/ros2_ws/install/vacop/share/vacop
[0.547s] creating /home/jeanbaptiste/ros2_ws/install/vacop/share/vacop/launch
[0.547s] symbolically linking /home/jeanbaptiste/ros2_ws/build/vacop/launch/robot_launch.py -> /home/jeanbaptiste/ros2_ws/install/vacop/share/vacop/launch
[0.547s] creating /home/jeanbaptiste/ros2_ws/install/vacop/share/vacop/resource
[0.547s] symbolically linking /home/jeanbaptiste/ros2_ws/build/vacop/resource/my_robot.urdf -> /home/jeanbaptiste/ros2_ws/install/vacop/share/vacop/resource
[0.547s] creating /home/jeanbaptiste/ros2_ws/install/vacop/share/vacop/config
[0.547s] symbolically linking /home/jeanbaptiste/ros2_ws/build/vacop/config/controllers.yaml -> /home/jeanbaptiste/ros2_ws/install/vacop/share/vacop/config
[0.547s] creating /home/jeanbaptiste/ros2_ws/install/vacop/share/vacop/worlds
[0.547s] symbolically linking /home/jeanbaptiste/ros2_ws/build/vacop/worlds/village.wbt -> /home/jeanbaptiste/ros2_ws/install/vacop/share/vacop/worlds
[0.564s] Invoked command in '/home/jeanbaptiste/ros2_ws/build/vacop' returned '0': PYTHONPATH=/home/jeanbaptiste/ros2_ws/build/vacop/prefix_override:/usr/lib/python3/dist-packages/colcon_core/task/python/colcon_distutils_commands:/home/jeanbaptiste/ros2_ws/install/vacop/lib/python3.10/site-packages:${PYTHONPATH} /usr/bin/python3 -W ignore:setup.py install is deprecated -W ignore:easy_install command is deprecated setup.py develop --editable --build-directory /home/jeanbaptiste/ros2_ws/build/vacop/build --no-deps symlink_data
