/home/jeanbaptiste/ros2_ws/install/vacop/lib/python3.10/site-packages/vacop/teleop_vacop.py
/home/jeanbaptiste/ros2_ws/install/vacop/lib/python3.10/site-packages/vacop/camera_display.py
/home/jeanbaptiste/ros2_ws/install/vacop/lib/python3.10/site-packages/vacop/__init__.py
/home/jeanbaptiste/ros2_ws/install/vacop/lib/python3.10/site-packages/vacop/__pycache__/teleop_vacop.cpython-310.pyc
/home/jeanbaptiste/ros2_ws/install/vacop/lib/python3.10/site-packages/vacop/__pycache__/camera_display.cpython-310.pyc
/home/jeanbaptiste/ros2_ws/install/vacop/lib/python3.10/site-packages/vacop/__pycache__/__init__.cpython-310.pyc
/home/jeanbaptiste/ros2_ws/install/vacop/share/ament_index/resource_index/packages/vacop
/home/jeanbaptiste/ros2_ws/install/vacop/share/vacop/package.xml
/home/jeanbaptiste/ros2_ws/install/vacop/share/vacop/launch/robot_launch.py
/home/jeanbaptiste/ros2_ws/install/vacop/share/vacop/launch/rtabmap_slam_launch.py
/home/jeanbaptiste/ros2_ws/install/vacop/share/vacop/resource/my_robot.urdf
/home/jeanbaptiste/ros2_ws/install/vacop/share/vacop/config/controllers.yaml
/home/jeanbaptiste/ros2_ws/install/vacop/share/vacop/worlds/village.wbt
/home/jeanbaptiste/ros2_ws/install/vacop/share/vacop/worlds/vacop_body.obj
/home/jeanbaptiste/ros2_ws/install/vacop/lib/python3.10/site-packages/vacop-0.0.0-py3.10.egg-info/zip-safe
/home/jeanbaptiste/ros2_ws/install/vacop/lib/python3.10/site-packages/vacop-0.0.0-py3.10.egg-info/requires.txt
/home/jeanbaptiste/ros2_ws/install/vacop/lib/python3.10/site-packages/vacop-0.0.0-py3.10.egg-info/dependency_links.txt
/home/jeanbaptiste/ros2_ws/install/vacop/lib/python3.10/site-packages/vacop-0.0.0-py3.10.egg-info/entry_points.txt
/home/jeanbaptiste/ros2_ws/install/vacop/lib/python3.10/site-packages/vacop-0.0.0-py3.10.egg-info/top_level.txt
/home/jeanbaptiste/ros2_ws/install/vacop/lib/python3.10/site-packages/vacop-0.0.0-py3.10.egg-info/SOURCES.txt
/home/jeanbaptiste/ros2_ws/install/vacop/lib/python3.10/site-packages/vacop-0.0.0-py3.10.egg-info/PKG-INFO
/home/jeanbaptiste/ros2_ws/install/vacop/lib/vacop/camera_view
/home/jeanbaptiste/ros2_ws/install/vacop/lib/vacop/teleop
